{
  "RSpec": {
    "coverage": {
      "/Users/leviossa/RubymineProjects/Engli/Engli/app/models/user.rb": [
        1,
        1,
        1,
        null,
        null,
        null,
        1,
        1,
        null,
        1,
        1,
        1,
        1,
        1,
        null,
        null,
        1,
        0,
        null,
        null
      ],
      "/Users/leviossa/RubymineProjects/Engli/Engli/app/models/application_record.rb": [
        1,
        1,
        null
      ],
      "/Users/leviossa/RubymineProjects/Engli/Engli/app/helpers/application_helper.rb": [
        1,
        1,
        0,
        null,
        null,
        1,
        0,
        0,
        0,
        0,
        0,
        null,
        null,
        null
      ],
      "/Users/leviossa/RubymineProjects/Engli/Engli/app/helpers/devise_helper.rb": [
        1,
        1,
        0,
        0,
        null,
        0,
        null,
        null
      ],
      "/Users/leviossa/RubymineProjects/Engli/Engli/app/helpers/examples_helper.rb": [
        1,
        1,
        0,
        null,
        null
      ],
      "/Users/leviossa/RubymineProjects/Engli/Engli/app/helpers/notifications_helper.rb": [
        1,
        null,
        1,
        0,
        0,
        0,
        null,
        null,
        null
      ],
      "/Users/leviossa/RubymineProjects/Engli/Engli/app/helpers/phrases_helper.rb": [
        1,
        null
      ],
      "/Users/leviossa/RubymineProjects/Engli/Engli/app/helpers/static_page_helper.rb": [
        1,
        null
      ],
      "/Users/leviossa/RubymineProjects/Engli/Engli/app/helpers/users_helper.rb": [
        1,
        null,
        null
      ],
      "/Users/leviossa/RubymineProjects/Engli/Engli/app/models/phrase.rb": [
        1,
        1,
        1,
        1,
        null,
        1,
        1,
        1,
        1,
        null,
        1,
        1,
        null,
        1,
        1,
        1,
        1,
        null,
        null,
        null,
        null,
        1,
        null,
        1,
        0,
        null,
        null,
        null
      ],
      "/Users/leviossa/RubymineProjects/Engli/Engli/app/models/concerns/shared_methods.rb": [
        1,
        1,
        null,
        1,
        0,
        null,
        null,
        1,
        0,
        0,
        0,
        null,
        0,
        0,
        null,
        0,
        null,
        0,
        0,
        null,
        null,
        null
      ],
      "/Users/leviossa/RubymineProjects/Engli/Engli/app/channels/application_cable/channel.rb": [
        0,
        0,
        0,
        0
      ],
      "/Users/leviossa/RubymineProjects/Engli/Engli/app/channels/application_cable/connection.rb": [
        0,
        0,
        0,
        0
      ],
      "/Users/leviossa/RubymineProjects/Engli/Engli/app/controllers/application_controller.rb": [
        0,
        0,
        0,
        0,
        null,
        null,
        0,
        0,
        0,
        0,
        0,
        0,
        0,
        0,
        0,
        0,
        null,
        0,
        0,
        0,
        0,
        0,
        0,
        0,
        0,
        0,
        null,
        0,
        0,
        0,
        0,
        0,
        0,
        0,
        0,
        null,
        0,
        0,
        0,
        0,
        0,
        0
      ],
      "/Users/leviossa/RubymineProjects/Engli/Engli/app/controllers/examples_controller.rb": [
        0,
        0,
        0,
        null,
        0,
        0,
        0,
        0,
        0,
        0,
        0,
        0,
        0,
        null,
        0,
        0,
        0,
        0,
        0,
        null,
        0,
        0,
        0,
        0,
        null,
        0,
        null,
        0,
        0,
        0,
        null,
        0,
        0,
        0,
        null,
        0,
        0,
        0,
        0,
        0,
        0,
        0,
        0,
        null,
        0
      ],
      "/Users/leviossa/RubymineProjects/Engli/Engli/app/controllers/notifications_controller.rb": [
        0,
        null,
        0,
        0,
        0,
        null,
        0,
        0,
        0,
        0,
        null,
        0
      ],
      "/Users/leviossa/RubymineProjects/Engli/Engli/app/controllers/phrases_controller.rb": [
        0,
        0,
        0,
        0,
        null,
        0,
        0,
        0,
        null,
        0,
        0,
        0,
        0,
        null,
        0,
        0,
        0,
        0,
        null,
        0,
        0,
        null,
        0,
        0,
        0,
        0,
        0,
        0,
        0,
        0,
        0,
        null,
        0,
        0,
        0,
        0,
        0,
        null,
        0,
        0,
        0,
        0,
        0,
        0,
        0,
        0,
        0,
        null,
        0,
        0,
        0,
        0,
        0,
        0,
        0,
        0,
        0,
        0,
        null,
        0,
        0,
        0,
        0,
        null,
        0,
        null,
        0,
        0,
        0,
        0,
        0,
        null,
        0,
        0,
        0,
        null,
        0,
        0,
        0,
        0,
        0,
        0,
        null,
        0
      ],
      "/Users/leviossa/RubymineProjects/Engli/Engli/app/controllers/static_page_controller.rb": [
        0,
        0,
        null,
        0,
        0
      ],
      "/Users/leviossa/RubymineProjects/Engli/Engli/app/controllers/user/confirmations_controller.rb": [
        null,
        null,
        0,
        null,
        null,
        null,
        null,
        null,
        null,
        null,
        null,
        null,
        null,
        null,
        null,
        null,
        null,
        null,
        null,
        null,
        null,
        null,
        null,
        null,
        null,
        null,
        null,
        null,
        null,
        0
      ],
      "/Users/leviossa/RubymineProjects/Engli/Engli/app/controllers/user/omniauth_callbacks_controller.rb": [
        null,
        null,
        0,
        null,
        null,
        null,
        null,
        null,
        null,
        null,
        null,
        null,
        null,
        null,
        null,
        null,
        null,
        null,
        null,
        null,
        null,
        null,
        null,
        null,
        null,
        null,
        null,
        null,
        null,
        0
      ],
      "/Users/leviossa/RubymineProjects/Engli/Engli/app/controllers/user/passwords_controller.rb": [
        null,
        null,
        0,
        null,
        null,
        null,
        null,
        null,
        null,
        null,
        null,
        null,
        null,
        null,
        null,
        null,
        null,
        null,
        null,
        null,
        null,
        null,
        null,
        null,
        null,
        null,
        null,
        null,
        null,
        null,
        null,
        null,
        null,
        0
      ],
      "/Users/leviossa/RubymineProjects/Engli/Engli/app/controllers/user/registrations_controller.rb": [
        null,
        0,
        null,
        0,
        null,
        0,
        0,
        0,
        null,
        0,
        0,
        0,
        null,
        0,
        0,
        0,
        null,
        0
      ],
      "/Users/leviossa/RubymineProjects/Engli/Engli/app/controllers/user/sessions_controller.rb": [
        null,
        null,
        0,
        null,
        null,
        null,
        null,
        null,
        null,
        null,
        null,
        0,
        0,
        0,
        null,
        null,
        null,
        null,
        null,
        null,
        null,
        null,
        null,
        null,
        null,
        null,
        0
      ],
      "/Users/leviossa/RubymineProjects/Engli/Engli/app/controllers/user/unlocks_controller.rb": [
        null,
        null,
        0,
        null,
        null,
        null,
        null,
        null,
        null,
        null,
        null,
        null,
        null,
        null,
        null,
        null,
        null,
        null,
        null,
        null,
        null,
        null,
        null,
        null,
        null,
        null,
        null,
        null,
        null,
        0
      ],
      "/Users/leviossa/RubymineProjects/Engli/Engli/app/controllers/users_controller.rb": [
        0,
        0,
        0,
        0,
        0,
        null,
        0,
        0,
        0,
        null,
        0
      ],
      "/Users/leviossa/RubymineProjects/Engli/Engli/app/jobs/application_job.rb": [
        0,
        null,
        null,
        null,
        null,
        null,
        0
      ],
      "/Users/leviossa/RubymineProjects/Engli/Engli/app/mailers/application_mailer.rb": [
        0,
        0,
        0,
        0
      ],
      "/Users/leviossa/RubymineProjects/Engli/Engli/app/mailers/user_mailer.rb": [
        0,
        0,
        null,
        0,
        0,
        0,
        0,
        0,
        null,
        0
      ],
      "/Users/leviossa/RubymineProjects/Engli/Engli/app/models/example.rb": [
        0,
        0,
        0,
        null,
        0,
        0,
        0,
        0,
        null,
        null,
        0,
        0,
        0
      ],
      "/Users/leviossa/RubymineProjects/Engli/Engli/app/models/vote.rb": [
        0,
        null,
        0
      ]
    },
    "timestamp": 1551795383
  }
}
